[2022-12-10 12:30:01 +0000] [29341] [INFO] Starting gunicorn 20.1.0
[2022-12-10 12:30:01 +0000] [29341] [INFO] Listening at: http://127.0.0.1:8001 (29341)
[2022-12-10 12:30:01 +0000] [29341] [INFO] Using worker: sync
[2022-12-10 12:30:01 +0000] [29344] [INFO] Booting worker with pid: 29344
[2022-12-10 12:30:01 +0000] [29345] [INFO] Booting worker with pid: 29345
[2022-12-10 12:30:01 +0000] [29346] [INFO] Booting worker with pid: 29346
[2022-12-10 12:30:35 +0000] [29341] [INFO] Handling signal: int
[2022-12-10 12:30:35 +0000] [29346] [INFO] Worker exiting (pid: 29346)
[2022-12-10 12:30:35 +0000] [29345] [INFO] Worker exiting (pid: 29345)
[2022-12-10 12:30:35 +0000] [29344] [INFO] Worker exiting (pid: 29344)
[2022-12-10 12:30:36 +0000] [29341] [INFO] Shutting down: Master
[2022-12-10 12:30:43 +0000] [29362] [INFO] Starting gunicorn 20.1.0
[2022-12-10 12:30:43 +0000] [29362] [INFO] Listening at: http://127.0.0.1:8001 (29362)
[2022-12-10 12:30:43 +0000] [29362] [INFO] Using worker: sync
[2022-12-10 12:30:43 +0000] [29363] [INFO] Booting worker with pid: 29363
[2022-12-10 12:30:43 +0000] [29364] [INFO] Booting worker with pid: 29364
[2022-12-10 12:30:43 +0000] [29365] [INFO] Booting worker with pid: 29365
[2022-12-10 13:43:22 +0000] [29362] [INFO] Handling signal: term
[2022-12-10 13:43:22 +0000] [29363] [INFO] Worker exiting (pid: 29363)
[2022-12-10 13:43:22 +0000] [29365] [INFO] Worker exiting (pid: 29365)
[2022-12-10 13:43:22 +0000] [29364] [INFO] Worker exiting (pid: 29364)
[2022-12-10 13:43:23 +0000] [29362] [INFO] Shutting down: Master
[2022-12-10 13:53:50 +0000] [31015] [INFO] Starting gunicorn 20.1.0
[2022-12-10 13:53:50 +0000] [31015] [INFO] Listening at: http://127.0.0.1:8001 (31015)
[2022-12-10 13:53:50 +0000] [31015] [INFO] Using worker: sync
[2022-12-10 13:53:50 +0000] [31016] [INFO] Booting worker with pid: 31016
[2022-12-10 13:53:50 +0000] [31017] [INFO] Booting worker with pid: 31017
[2022-12-10 13:53:50 +0000] [31018] [INFO] Booting worker with pid: 31018
[2022-12-11 12:13:30 +0000] [31015] [INFO] Handling signal: term
[2022-12-11 12:13:30 +0000] [31017] [INFO] Worker exiting (pid: 31017)
[2022-12-11 12:13:30 +0000] [31016] [INFO] Worker exiting (pid: 31016)
[2022-12-11 12:13:30 +0000] [31018] [INFO] Worker exiting (pid: 31018)
[2022-12-11 12:13:32 +0000] [31015] [INFO] Shutting down: Master
[2022-12-11 12:28:45 +0000] [412] [INFO] Starting gunicorn 20.1.0
[2022-12-11 12:28:45 +0000] [412] [INFO] Listening at: http://127.0.0.1:8001 (412)
[2022-12-11 12:28:45 +0000] [412] [INFO] Using worker: sync
[2022-12-11 12:28:45 +0000] [465] [INFO] Booting worker with pid: 465
[2022-12-11 12:28:45 +0000] [466] [INFO] Booting worker with pid: 466
[2022-12-11 12:28:45 +0000] [467] [INFO] Booting worker with pid: 467
[2022-12-11 12:30:18 +0000] [412] [INFO] Handling signal: term
[2022-12-11 12:30:18 +0000] [465] [INFO] Worker exiting (pid: 465)
[2022-12-11 12:30:18 +0000] [466] [INFO] Worker exiting (pid: 466)
[2022-12-11 12:30:18 +0000] [467] [INFO] Worker exiting (pid: 467)
[2022-12-11 12:30:19 +0000] [412] [WARNING] Worker with pid 467 was terminated due to signal 15
[2022-12-11 12:30:19 +0000] [412] [INFO] Shutting down: Master
[2022-12-11 12:30:20 +0000] [668] [INFO] Starting gunicorn 20.1.0
[2022-12-11 12:30:20 +0000] [668] [INFO] Listening at: http://127.0.0.1:8001 (668)
[2022-12-11 12:30:20 +0000] [668] [INFO] Using worker: sync
[2022-12-11 12:30:20 +0000] [669] [INFO] Booting worker with pid: 669
[2022-12-11 12:30:20 +0000] [670] [INFO] Booting worker with pid: 670
[2022-12-11 12:30:20 +0000] [671] [INFO] Booting worker with pid: 671
[2022-12-11 12:35:03 +0000] [671] [INFO] Worker exiting (pid: 671)
[2022-12-11 12:35:03 +0000] [668] [INFO] Handling signal: term
[2022-12-11 12:35:03 +0000] [670] [INFO] Worker exiting (pid: 670)
[2022-12-11 12:35:03 +0000] [669] [INFO] Worker exiting (pid: 669)
[2022-12-11 12:35:04 +0000] [668] [INFO] Shutting down: Master
[2022-12-11 12:35:05 +0000] [867] [INFO] Starting gunicorn 20.1.0
[2022-12-11 12:35:05 +0000] [867] [INFO] Listening at: http://127.0.0.1:8001 (867)
[2022-12-11 12:35:05 +0000] [867] [INFO] Using worker: sync
[2022-12-11 12:35:05 +0000] [868] [INFO] Booting worker with pid: 868
[2022-12-11 12:35:05 +0000] [869] [INFO] Booting worker with pid: 869
[2022-12-11 12:35:05 +0000] [870] [INFO] Booting worker with pid: 870
[2022-12-11 18:49:03 +0000] [413] [INFO] Starting gunicorn 20.1.0
[2022-12-11 18:49:03 +0000] [413] [INFO] Listening at: http://127.0.0.1:8001 (413)
[2022-12-11 18:49:03 +0000] [413] [INFO] Using worker: sync
[2022-12-11 18:49:03 +0000] [439] [INFO] Booting worker with pid: 439
[2022-12-11 18:49:03 +0000] [440] [INFO] Booting worker with pid: 440
[2022-12-11 18:49:03 +0000] [441] [INFO] Booting worker with pid: 441
[2022-12-11 19:38:23 +0000] [418] [INFO] Starting gunicorn 20.1.0
[2022-12-11 19:38:23 +0000] [418] [INFO] Listening at: http://127.0.0.1:8001 (418)
[2022-12-11 19:38:23 +0000] [418] [INFO] Using worker: sync
[2022-12-11 19:38:23 +0000] [475] [INFO] Booting worker with pid: 475
[2022-12-11 19:38:23 +0000] [476] [INFO] Booting worker with pid: 476
[2022-12-11 19:38:23 +0000] [478] [INFO] Booting worker with pid: 478
